
program_generated_validator test

*************** PASSED *************** PASSED *************** PASSED ***************

*************** PASSED *************** PASSED *************** PASSED ***************

container test

*************** PASSED *************** PASSED *************** PASSED ***************

*************** PASSED *************** PASSED *************** PASSED ***************

cli test

*************** PASSED *************** PASSED *************** PASSED ***************

*************** PASSED *************** PASSED *************** PASSED ***************

user_submitted_validator test

*************** FAILED *************** FAILED *************** FAILED ***************

Traceback (most recent call last):
  File "C:\Users\mel91\Desktop\lew4\scheduler\src\testing\testing_module.py", line 43, in all_tests
    if not test_func():
  File "C:\Users\mel91\Desktop\lew4\scheduler\src\testing\user_submitted_validator_tests.py", line 126, in user_submitted_validator_tests
    if Counter(validate_user_submitted_path(container, test["test_data"])) == Counter(test["ex_out"]):
  File "C:\Users\mel91\Desktop\lew4\scheduler\src\user_submitted_validator.py", line 20, in validate_user_submitted_path
    if current_semester not in container.get_availability(course):
  File "C:\Users\mel91\Desktop\lew4\scheduler\src\course_info_container.py", line 113, in get_availability
    availability_list = self.get_space_split_list(self.get_data('availability', courseid))
  File "C:\Users\mel91\Desktop\lew4\scheduler\src\course_info_container.py", line 213, in get_data
    index = df[df['courseID'] == courseid].index[0]
  File "C:\Users\mel91\AppData\Local\Programs\Python\Python310\lib\site-packages\pandas\core\indexes\base.py", line 5053, in __getitem__
    return getitem(key)
IndexError: index 0 is out of bounds for axis 0 with size 0


degreeworks_parser_v2 test

*************** FAILED *************** FAILED *************** FAILED ***************

Traceback (most recent call last):
  File "C:\Users\mel91\Desktop\lew4\scheduler\src\testing\testing_module.py", line 43, in all_tests
    if not test_func():
  File "C:\Users\mel91\Desktop\lew4\scheduler\src\testing\degreeworks_parser_v2_tests.py", line 908, in degreeworks_parser_v2_tests
    test_container = generate_degree_extraction_container(test["test_data"])
  File "C:\Users\mel91\Desktop\lew4\scheduler\src\degreeworks_parser_v2.py", line 680, in generate_degree_extraction_container
    with open(file_name, 'rb') as degreeworks_pdf:
FileNotFoundError: [Errno 2] No such file or directory: './input_files/updated_degreeworks/S1.pdf'


Comments: User Submitted Validator needs to be refactored.  DegreeWorks parser not complete.
